This is pdfTeX, Version 3.141592653-2.6-1.40.25 (TeX Live 2023/Debian) (preloaded format=latex 2025.4.30)  23 DEC 2025 11:24
entering extended mode
 restricted \write18 enabled.
 Source specials enabled.
 %&-line parsing enabled.
**Cart_diff.tex
(./Cart_diff.tex
LaTeX2e <2023-11-01> patch level 1
L3 programming layer <2024-01-22>
(/usr/share/texlive/texmf-dist/tex/latex/base/article.cls
Document Class: article 2023/05/17 v1.4n Standard LaTeX document class
(/usr/share/texlive/texmf-dist/tex/latex/base/size10.clo
File: size10.clo 2023/05/17 v1.4n Standard LaTeX file (size option)
)
\c@part=\count187
\c@section=\count188
\c@subsection=\count189
\c@subsubsection=\count190
\c@paragraph=\count191
\c@subparagraph=\count192
\c@figure=\count193
\c@table=\count194
\abovecaptionskip=\skip48
\belowcaptionskip=\skip49
\bibindent=\dimen140
)
(/usr/share/texlive/texmf-dist/tex/latex/pstricks/pstricks.sty
Package: pstricks 2024/02/02 v0.75 LaTeX wrapper for `PSTricks' (RN,HV)

(/usr/share/texlive/texmf-dist/tex/generic/iftex/iftex.sty
Package: iftex 2022/02/03 v1.0f TeX engine tests
)
(/usr/share/texlive/texmf-dist/tex/latex/xcolor/xcolor.sty
Package: xcolor 2023/11/15 v3.01 LaTeX color extensions (UK)

(/usr/share/texlive/texmf-dist/tex/latex/graphics-cfg/color.cfg
File: color.cfg 2016/01/02 v1.6 sample color configuration
)

Package xcolor Warning: Package option `usenames' is obsolete and ignored on in
put line 266.

Package xcolor Info: Driver file: dvips.def on input line 274.
(/usr/share/texlive/texmf-dist/tex/latex/graphics-def/dvips.def
File: dvips.def 2022/09/22 v3.1e Graphics/color driver for dvips
)
(/usr/share/texlive/texmf-dist/tex/latex/graphics/mathcolor.ltx)
Package xcolor Info: Model `cmy' substituted by `cmy0' on input line 1350.
Package xcolor Info: Model `RGB' extended on input line 1366.
Package xcolor Info: Model `HTML' substituted by `rgb' on input line 1368.
Package xcolor Info: Model `Hsb' substituted by `hsb' on input line 1369.
Package xcolor Info: Model `tHsb' substituted by `hsb' on input line 1370.
Package xcolor Info: Model `HSB' substituted by `hsb' on input line 1371.
Package xcolor Info: Model `Gray' substituted by `gray' on input line 1372.
Package xcolor Info: Model `wave' substituted by `hsb' on input line 1373.
)
(/usr/share/texlive/texmf-dist/tex/latex/graphics/dvipsnam.def
File: dvipsnam.def 2016/06/17 v3.0m Driver-dependent file (DPC,SPQR)
)
(/usr/share/texlive/texmf-dist/tex/generic/xkeyval/pst-xkey.tex
File: pst-xkey.tex 2005/11/25 v1.6 PSTricks specialization of xkeyval (HA)

(/usr/share/texlive/texmf-dist/tex/latex/xkeyval/xkeyval.sty
Package: xkeyval 2022/06/16 v2.9 package option processing (HA)

(/usr/share/texlive/texmf-dist/tex/generic/xkeyval/xkeyval.tex
(/usr/share/texlive/texmf-dist/tex/generic/xkeyval/xkvutils.tex
\XKV@toks=\toks17
\XKV@tempa@toks=\toks18

(/usr/share/texlive/texmf-dist/tex/generic/xkeyval/keyval.tex))
\XKV@depth=\count195
File: xkeyval.tex 2014/12/03 v2.7a key=value parser (HA)
)))
(/usr/share/texlive/texmf-dist/tex/generic/pstricks/pstricks.tex
(/usr/share/texlive/texmf-dist/tex/generic/pstricks/pst-fp.tex
`pst-fp' v0.06, 2020/11/20 (hv)
\pstFP@xs=\count196
\pstFP@xia=\count197
\pstFP@xib=\count198
\pstFP@xfa=\count199
\pstFP@xfb=\count266
\pstFP@rega=\count267
\pstFP@regb=\count268
\pstFP@regs=\count269
\pstFP@times=\count270
)
(/usr/share/texlive/texmf-dist/tex/latex/pgf/utilities/pgffor.sty
(/usr/share/texlive/texmf-dist/tex/latex/pgf/utilities/pgfrcs.sty
(/usr/share/texlive/texmf-dist/tex/generic/pgf/utilities/pgfutil-common.tex
\pgfutil@everybye=\toks19
\pgfutil@tempdima=\dimen141
\pgfutil@tempdimb=\dimen142
)
(/usr/share/texlive/texmf-dist/tex/generic/pgf/utilities/pgfutil-latex.def
\pgfutil@abb=\box51
)
(/usr/share/texlive/texmf-dist/tex/generic/pgf/utilities/pgfrcs.code.tex
(/usr/share/texlive/texmf-dist/tex/generic/pgf/pgf.revision.tex)
Package: pgfrcs 2023-01-15 v3.1.10 (3.1.10)
))
(/usr/share/texlive/texmf-dist/tex/latex/pgf/utilities/pgfkeys.sty
(/usr/share/texlive/texmf-dist/tex/generic/pgf/utilities/pgfkeys.code.tex
\pgfkeys@pathtoks=\toks20
\pgfkeys@temptoks=\toks21

(/usr/share/texlive/texmf-dist/tex/generic/pgf/utilities/pgfkeyslibraryfiltered
.code.tex
\pgfkeys@tmptoks=\toks22
))) (/usr/share/texlive/texmf-dist/tex/latex/pgf/math/pgfmath.sty
(/usr/share/texlive/texmf-dist/tex/generic/pgf/math/pgfmath.code.tex
(/usr/share/texlive/texmf-dist/tex/generic/pgf/math/pgfmathutil.code.tex
\pgf@x=\dimen143
\pgf@xa=\dimen144
\pgf@xb=\dimen145
\pgf@xc=\dimen146
\pgf@y=\dimen147
\pgf@ya=\dimen148
\pgf@yb=\dimen149
\pgf@yc=\dimen150
\c@pgf@counta=\count271
\c@pgf@countb=\count272
\c@pgf@countc=\count273
\c@pgf@countd=\count274
)
(/usr/share/texlive/texmf-dist/tex/generic/pgf/math/pgfmathparser.code.tex
\pgfmath@dimen=\dimen151
\pgfmath@count=\count275
\pgfmath@box=\box52
\pgfmath@toks=\toks23
\pgfmath@stack@operand=\toks24
\pgfmath@stack@operation=\toks25
)
(/usr/share/texlive/texmf-dist/tex/generic/pgf/math/pgfmathfunctions.code.tex)
(/usr/share/texlive/texmf-dist/tex/generic/pgf/math/pgfmathfunctions.basic.code
.tex)
(/usr/share/texlive/texmf-dist/tex/generic/pgf/math/pgfmathfunctions.trigonomet
ric.code.tex)
(/usr/share/texlive/texmf-dist/tex/generic/pgf/math/pgfmathfunctions.random.cod
e.tex)
(/usr/share/texlive/texmf-dist/tex/generic/pgf/math/pgfmathfunctions.comparison
.code.tex)
(/usr/share/texlive/texmf-dist/tex/generic/pgf/math/pgfmathfunctions.base.code.
tex)
(/usr/share/texlive/texmf-dist/tex/generic/pgf/math/pgfmathfunctions.round.code
.tex)
(/usr/share/texlive/texmf-dist/tex/generic/pgf/math/pgfmathfunctions.misc.code.
tex)
(/usr/share/texlive/texmf-dist/tex/generic/pgf/math/pgfmathfunctions.integerari
thmetics.code.tex)
(/usr/share/texlive/texmf-dist/tex/generic/pgf/math/pgfmathcalc.code.tex)
(/usr/share/texlive/texmf-dist/tex/generic/pgf/math/pgfmathfloat.code.tex
\c@pgfmathroundto@lastzeros=\count276
)))
(/usr/share/texlive/texmf-dist/tex/generic/pgf/utilities/pgffor.code.tex
Package: pgffor 2023-01-15 v3.1.10 (3.1.10)
\pgffor@iter=\dimen152
\pgffor@skip=\dimen153
\pgffor@stack=\toks26
\pgffor@toks=\toks27
))
\psLoopIndex=\count277

`PSTricks' v3.19c  <2024/02/02> (tvz,hv)
\pst@dima=\dimen154
\pst@dimb=\dimen155
\pst@dimc=\dimen156
\pst@dimd=\dimen157
\pst@dimg=\dimen158
\pst@dimh=\dimen159
\pst@dimm=\dimen160
\pst@dimn=\dimen161
\pst@dimo=\dimen162
\pst@dimp=\dimen163
\pst@hbox=\box53
\pst@ibox=\box54
\pst@boxg=\box55
\pst@cnta=\count278
\pst@cntb=\count279
\pst@cntc=\count280
\pst@cntd=\count281
\pst@cntg=\count282
\pst@cnth=\count283
\pst@cntm=\count284
\pst@cntn=\count285
\pst@cnto=\count286
\pst@cntp=\count287
\@zero=\count288
\pst@toks=\toks28
--- We are running latex or xelatex ---
(/usr/share/texlive/texmf-dist/tex/generic/pstricks/pstricks.con)
(/usr/share/texlive/texmf-dist/tex/generic/pstricks/pstricks-color.tex)
\psunit=\dimen164
\psxunit=\dimen165
\psyunit=\dimen166
\pst@C@@rType=\count289
\pslinewidth=\dimen167
\psk@startLW=\dimen168
\psk@endLW=\dimen169

(/usr/share/texlive/texmf-dist/tex/generic/pstricks/pstricks-arrows.tex
\pshooklength=\dimen170
\pshookwidth=\dimen171
)
\pst@customdefs=\toks29

(/usr/share/texlive/texmf-dist/tex/generic/pstricks/pstricks-dots.tex)
\pslinearc=\dimen172
\pst@symbolStep=\dimen173
\pst@symbolWidth=\dimen174
\pst@symbolLinewidth=\dimen175
\everypsbox=\toks30
\psframesep=\dimen176
\pslabelsep=\dimen177
\sh@wgridXunit=\dimen178
\sh@wgridYunit=\dimen179
\pst@shift=\dimen180
\ps@imagectr=\count290

(/usr/share/texlive/texmf-dist/tex/generic/pstricks/pstricks.con))
File: pstricks.tex 2024/02/02 v3.19c `PSTricks' (tvz,hv)

(/usr/share/texlive/texmf-dist/tex/generic/pstricks/pst-fp.tex
`pst-fp' v0.06, 2020/11/20 (hv))
File: pst-fp.tex 2020/11/20 v0.06 `PST-fp' (hv)
)
(/usr/share/texlive/texmf-dist/tex/latex/pstricks-add/pstricks-add.sty
(/usr/share/texlive/texmf-dist/tex/latex/pst-plot/pst-plot.sty
Package: pst-plot 2011/06/05 v1.00 LaTeX wrapper for `pst-plot' (HV)

(/usr/share/texlive/texmf-dist/tex/latex/xkeyval/pst-xkey.sty
Package: pst-xkey 2005/11/25 v1.6 package wrapper for pst-xkey.tex (HA)
)
(/usr/share/texlive/texmf-dist/tex/latex/multido/multido.sty
Package: multido 2004/05/17 package wrapper for PSTricks `multido.tex', (HV/RN)


(/usr/share/texlive/texmf-dist/tex/generic/multido/multido.tex
 v1.42, 2010/05/14 <tvz>
\multido@count=\count291
\multidocount=\count292
\multido@stuff=\toks31
)
File: multido.tex 2010/05/14 v1.42 `multido' (tvz,hv)
)
Package: pst-plot 2021/09/23 package wrapper for pst-plot.tex (hv)

(/usr/share/texlive/texmf-dist/tex/generic/pst-plot/pst-plot.tex
(/usr/share/texlive/texmf-dist/tex/generic/pst-tools/pst-tools.tex
`PST-tools' v0.12, 2021/09/23 (hv)
\randomi=\count293
\ranval=\count294
)
(/usr/share/texlive/texmf-dist/tex/generic/pstricks-add/pstricks-add.tex
(/usr/share/texlive/texmf-dist/tex/generic/pst-node/pst-node.tex
 v1.43, 2022/01/31
\psrow=\count295
\pscol=\count296
\psmatrixcnt=\count297
\psrowsep=\skip50
\pscolsep=\skip51
\pst@args=\count298
\num@pts=\count299
\pst@argcnt=\count300
)
(/usr/share/texlive/texmf-dist/tex/generic/pst-arrow/pst-arrow.tex
`pst-arrow' v0.05, 2021/11/16 (dr,hv))
(/usr/share/texlive/texmf-dist/tex/generic/pst-3d/pst-3d.tex
`PST-3d' v1.11, 2010/02/14 (tvz))
(/usr/share/texlive/texmf-dist/tex/generic/pst-math/pst-math.tex
`pst-math' v0.67 , (CJ,hv)) `pstricks-add' v3.94, 2023/04/17 (dr,hv)
\psparallelogramsep=\dimen181
\pst@cntC=\count301
\pst@stepcount=\count302
\chart@ColorIndex=\dimen182
\chart@ColorStep=\dimen183
\pst@chartHeight=\dimen184
\pst@chartStackDepth=\dimen185
\pst@chartStackWidth=\dimen186
\chart@Toggle=\count303
\psVectorCtr=\count304
)
 v1.94, 2022/11/21 (tvz,hv)
\pstRadUnit=\dimen187
\pstRadUnitInv=\dimen188
\pst@linecnt=\count305
\RCD@file=\read2
\psxlabelsep=\dimen189
\psylabelsep=\dimen190
\psk@subticksize=\dimen191
\pst@xticksizeA=\dimen192
\pst@xticksizeB=\dimen193
\pst@xticksizeC=\dimen194
\pst@yticksizeA=\dimen195
\pst@yticksizeB=\dimen196
\pst@yticksizeC=\dimen197
\@digitcounter=\count306
\psk@llx=\dimen198
\psk@lly=\dimen199
\psk@urx=\dimen256
\psk@ury=\dimen257
\pst@xunit=\dimen258
\pst@yunit=\dimen259
)
File: pst-plot.tex 2022/11/21 1.94 `pst-plot' (tvz,hv)
)
(/usr/share/texlive/texmf-dist/tex/latex/pst-node/pst-node.sty
Package: pst-node 2012/09/18 v1.01 LaTeX wrapper for `pst-node' (HV)
Package: pst-node 2010/04/22 package wrapper for pst-node.tex

(/usr/share/texlive/texmf-dist/tex/generic/pst-node/pst-node.tex)
File: pst-node.tex 2022/11/21 1.94 `pst-node' (tvz,hv)
)
(/usr/share/texlive/texmf-dist/tex/latex/pst-3d/pst-3d.sty
Package: pst-3d 2009/07/28 package wrapper for pst-3d.tex (hv)

(/usr/share/texlive/texmf-dist/tex/generic/pst-3d/pst-3d.tex)
File: pst-3d.tex 2022/11/21 v1.94 `PST-3d' (hv)
)
(/usr/share/texlive/texmf-dist/tex/latex/pst-math/pst-math.sty
Package: pst-math 2023/07/03 v 0.67 package wrapper for PSTricks pst-math.tex

(/usr/share/texlive/texmf-dist/tex/latex/pst-calculate/pst-calculate.sty
Package: pst-calculate 2019/01/24 v. 0.02(Herbert Voss) Support for caculations
 with floating point numbers.

(/usr/share/texlive/texmf-dist/tex/latex/l3packages/xparse/xparse.sty
(/usr/share/texlive/texmf-dist/tex/latex/l3kernel/expl3.sty
Package: expl3 2024-01-22 L3 programming layer (loader) 

(/usr/share/texlive/texmf-dist/tex/latex/l3backend/l3backend-dvips.def
File: l3backend-dvips.def 2024-01-04 L3 backend support: dvips
\l__pdf_internal_box=\box56
\g__pdf_backend_object_int=\count307
\l__pdf_backend_content_box=\box57
\l__pdf_backend_model_box=\box58
\g__pdf_backend_annotation_int=\count308
\g__pdf_backend_link_int=\count309
\g__pdf_backend_link_sf_int=\count310
))
Package: xparse 2023-10-10 L3 Experimental document command parser
)
(/usr/share/texlive/texmf-dist/tex/latex/siunitx/siunitx.sty
Package: siunitx 2024-01-25 v3.3.10 A comprehensive (SI) units package
\l__siunitx_number_uncert_offset_int=\count311
\l__siunitx_number_exponent_fixed_int=\count312
\l__siunitx_number_min_decimal_int=\count313
\l__siunitx_number_min_integer_int=\count314
\l__siunitx_number_round_precision_int=\count315
\l__siunitx_number_lower_threshold_int=\count316
\l__siunitx_number_upper_threshold_int=\count317
\l__siunitx_number_group_first_int=\count318
\l__siunitx_number_group_size_int=\count319
\l__siunitx_number_group_minimum_int=\count320
\l__siunitx_angle_tmp_dim=\dimen260
\l__siunitx_angle_marker_box=\box59
\l__siunitx_angle_unit_box=\box60
\l__siunitx_compound_count_int=\count321

(/usr/share/texlive/texmf-dist/tex/latex/translations/translations.sty
Package: translations 2022/02/05 v1.12 internationalization of LaTeX2e packages
 (CN)

(/usr/share/texlive/texmf-dist/tex/latex/etoolbox/etoolbox.sty
Package: etoolbox 2020/10/05 v2.5k e-TeX tools for LaTeX (JAW)
\etb@tempcnta=\count322
)
(/usr/share/texlive/texmf-dist/tex/generic/pdftexcmds/pdftexcmds.sty
Package: pdftexcmds 2020-06-27 v0.33 Utility functions of pdfTeX for LuaTeX (HO
)

(/usr/share/texlive/texmf-dist/tex/generic/infwarerr/infwarerr.sty
Package: infwarerr 2019/12/03 v1.5 Providing info/warning/error messages (HO)
)
(/usr/share/texlive/texmf-dist/tex/generic/ltxcmds/ltxcmds.sty
Package: ltxcmds 2023-12-04 v1.26 LaTeX kernel commands for general use (HO)
)
Package pdftexcmds Info: \pdf@primitive is available.
Package pdftexcmds Info: \pdf@ifprimitive is available.
Package pdftexcmds Info: \pdfdraftmode is ignored in DVI mode.
))
(/usr/share/texlive/texmf-dist/tex/latex/amsmath/amstext.sty
Package: amstext 2021/08/26 v2.01 AMS text

(/usr/share/texlive/texmf-dist/tex/latex/amsmath/amsgen.sty
File: amsgen.sty 1999/11/30 v2.0 generic functions
\@emptytoks=\toks32
\ex@=\dimen261
))
\l__siunitx_table_tmp_box=\box61
\l__siunitx_table_tmp_dim=\dimen262
\l__siunitx_table_column_width_dim=\dimen263
\l__siunitx_table_integer_box=\box62
\l__siunitx_table_decimal_box=\box63
\l__siunitx_table_uncert_box=\box64
\l__siunitx_table_before_box=\box65
\l__siunitx_table_after_box=\box66
\l__siunitx_table_before_dim=\dimen264
\l__siunitx_table_carry_dim=\dimen265
\l__siunitx_unit_tmp_int=\count323
\l__siunitx_unit_position_int=\count324
\l__siunitx_unit_total_int=\count325

(/usr/share/texlive/texmf-dist/tex/latex/tools/array.sty
Package: array 2023/10/16 v2.5g Tabular extension package (FMi)
\col@sep=\dimen266
\ar@mcellbox=\box67
\extrarowheight=\dimen267
\NC@list=\toks33
\extratabsurround=\skip52
\backup@length=\skip53
\ar@cellbox=\box68
)))
(/usr/share/texlive/texmf-dist/tex/generic/iftex/ifluatex.sty
Package: ifluatex 2019/10/25 v1.5 ifluatex legacy package. Use iftex instead.
)
(/usr/share/texlive/texmf-dist/tex/generic/xstring/xstring.sty
(/usr/share/texlive/texmf-dist/tex/generic/xstring/xstring.tex
\xs_counta=\count326
\xs_countb=\count327
)
Package: xstring 2023/08/22 v1.86 String manipulations (CT)
)
(/usr/share/texlive/texmf-dist/tex/generic/pst-math/pst-math.tex)
File: pst-math.tex 2022/11/21 v1.94 `PST-math' (hv)
\c@Rand@No=\count328
\c@Random@Left=\count329
\c@Random@Right=\count330
\c@Random@No@max=\count331
)
Package: pstricks-add 2021/09/10 v. 0.17 package wrapper for pstricks-add.tex (
hv)

(/usr/share/texlive/texmf-dist/tex/generic/pstricks-add/pstricks-add.tex)
File: pstricks-add.tex 2022/11/21 v1.94 `PSTricks-add' (hv)
)
(/usr/share/texlive/texmf-dist/tex/latex/graphics/epsfig.sty
Package: epsfig 2017/06/25 v1.7b (e)psfig emulation (SPQR)

(/usr/share/texlive/texmf-dist/tex/latex/graphics/graphicx.sty
Package: graphicx 2021/09/16 v1.2d Enhanced LaTeX Graphics (DPC,SPQR)

(/usr/share/texlive/texmf-dist/tex/latex/graphics/graphics.sty
Package: graphics 2022/03/10 v1.4e Standard LaTeX Graphics (DPC,SPQR)

(/usr/share/texlive/texmf-dist/tex/latex/graphics/trig.sty
Package: trig 2021/08/11 v1.11 sin cos tan (DPC)
)
(/usr/share/texlive/texmf-dist/tex/latex/graphics-cfg/graphics.cfg
File: graphics.cfg 2016/06/04 v1.11 sample graphics configuration
)
Package graphics Info: Driver file: dvips.def on input line 107.
)
\Gin@req@height=\dimen268
\Gin@req@width=\dimen269
)
\epsfxsize=\dimen270
\epsfysize=\dimen271
)
Package translations Info: No language package found. I am going to use `englis
h' as default language. on input line 14.

(./Cart_diff.aux)
\openout1 = `Cart_diff.aux'.

LaTeX Font Info:    Checking defaults for OML/cmm/m/it on input line 14.
LaTeX Font Info:    ... okay on input line 14.
LaTeX Font Info:    Checking defaults for OMS/cmsy/m/n on input line 14.
LaTeX Font Info:    ... okay on input line 14.
LaTeX Font Info:    Checking defaults for OT1/cmr/m/n on input line 14.
LaTeX Font Info:    ... okay on input line 14.
LaTeX Font Info:    Checking defaults for T1/cmr/m/n on input line 14.
LaTeX Font Info:    ... okay on input line 14.
LaTeX Font Info:    Checking defaults for TS1/cmr/m/n on input line 14.
LaTeX Font Info:    ... okay on input line 14.
LaTeX Font Info:    Checking defaults for OMX/cmex/m/n on input line 14.
LaTeX Font Info:    ... okay on input line 14.
LaTeX Font Info:    Checking defaults for U/cmr/m/n on input line 14.
LaTeX Font Info:    ... okay on input line 14.

(/usr/share/texlive/texmf-dist/tex/latex/translations/translations-basic-dictio
nary-english.trsl
File: translations-basic-dictionary-english.trsl (english translation file `tra
nslations-basic-dictionary')
)
Package translations Info: loading dictionary `translations-basic-dictionary' f
or `english'. on input line 14.
LaTeX Font Info:    External font `cmex10' loaded for size
(Font)              <7> on input line 60.
LaTeX Font Info:    External font `cmex10' loaded for size
(Font)              <5> on input line 60.
LaTeX Font Info:    External font `cmex10' loaded for size
(Font)              <14.4> on input line 60.

Overfull \hbox (476.1325pt too wide) in paragraph at lines 60--61
[][][] 
 []

[1] (./Cart_diff.aux)
 ***********
LaTeX2e <2023-11-01> patch level 1
L3 programming layer <2024-01-22>
 ***********
 ) 
Here is how much of TeX's memory you used:
 15515 strings out of 474223
 334317 string characters out of 5748759
 1927972 words of memory out of 5000000
 37574 multiletter control sequences out of 15000+600000
 558982 words of font info for 39 fonts, out of 8000000 for 9000
 1141 hyphenation exceptions out of 8191
 118i,5n,122p,666b,531s stack positions out of 10000i,1000n,20000p,200000b,200000s

Output written on Cart_diff.dvi (1 page, 32728 bytes).
